<?xml version="1.0" encoding="UTF-8"?>
<!-- Generated by org.testng.reporters.JUnitReportReporter -->
<testsuite skipped="0" hostname="idea-PC" name="APIBDD.APIBDD.Demo1" tests="1" failures="0" timestamp="14 Aug 2020 18:31:22 GMT" time="3.551" errors="0">
  <testcase name="getReq" time="3.551" classname="APIBDD.APIBDD.Demo1"/>
</testsuite> <!-- APIBDD.APIBDD.Demo1 -->
